<?xml version="1.0" encoding="UTF-8"?>
<!-- Generated by org.testng.reporters.JUnitReportReporter -->
<testsuite hostname="Кирилл-ПК" failures="0" tests="2" name="Hardcore.test.GoogleCloudTest" time="98.381" errors="0" timestamp="2021-11-15T00:40:36 MSK" skipped="0">
  <testcase classname="Hardcore.test.GoogleCloudTest" name="fillInEstimationForm" time="48.725"/>
  <system-out/>
  <testcase classname="Hardcore.test.GoogleCloudTest" name="checkTotalCost" time="49.656"/>
  <system-out/>
</testsuite> <!-- Hardcore.test.GoogleCloudTest -->
